mode: set
github.com/cloudfoundry-incubator/service-fabrik-crds/pkg/apis/deployment/v1alpha1/director_types.go:63.13,65.2 1 1
github.com/cloudfoundry-incubator/service-fabrik-crds/pkg/apis/deployment/v1alpha1/docker_types.go:63.13,65.2 1 1
github.com/cloudfoundry-incubator/service-fabrik-crds/pkg/apis/deployment/v1alpha1/virtualhost_types.go:63.13,65.2 1 1
github.com/cloudfoundry-incubator/service-fabrik-crds/pkg/apis/deployment/v1alpha1/zz_generated.deepcopy.go:26.49,33.2 6 1
github.com/cloudfoundry-incubator/service-fabrik-crds/pkg/apis/deployment/v1alpha1/zz_generated.deepcopy.go:36.42,37.15 1 1
github.com/cloudfoundry-incubator/service-fabrik-crds/pkg/apis/deployment/v1alpha1/zz_generated.deepcopy.go:40.2,42.12 3 1
github.com/cloudfoundry-incubator/service-fabrik-crds/pkg/apis/deployment/v1alpha1/zz_generated.deepcopy.go:37.15,39.3 1 0
github.com/cloudfoundry-incubator/service-fabrik-crds/pkg/apis/deployment/v1alpha1/zz_generated.deepcopy.go:46.53,47.34 1 0
github.com/cloudfoundry-incubator/service-fabrik-crds/pkg/apis/deployment/v1alpha1/zz_generated.deepcopy.go:50.2,50.12 1 0
github.com/cloudfoundry-incubator/service-fabrik-crds/pkg/apis/deployment/v1alpha1/zz_generated.deepcopy.go:47.34,49.3 1 0
github.com/cloudfoundry-incubator/service-fabrik-crds/pkg/apis/deployment/v1alpha1/zz_generated.deepcopy.go:54.57,58.21 4 0
github.com/cloudfoundry-incubator/service-fabrik-crds/pkg/apis/deployment/v1alpha1/zz_generated.deepcopy.go:65.2,65.8 1 0
github.com/cloudfoundry-incubator/service-fabrik-crds/pkg/apis/deployment/v1alpha1/zz_generated.deepcopy.go:58.21,61.22 3 0
github.com/cloudfoundry-incubator/service-fabrik-crds/pkg/apis/deployment/v1alpha1/zz_generated.deepcopy.go:61.22,63.4 1 0
github.com/cloudfoundry-incubator/service-fabrik-crds/pkg/apis/deployment/v1alpha1/zz_generated.deepcopy.go:69.50,70.15 1 0
github.com/cloudfoundry-incubator/service-fabrik-crds/pkg/apis/deployment/v1alpha1/zz_generated.deepcopy.go:73.2,75.12 3 0
github.com/cloudfoundry-incubator/service-fabrik-crds/pkg/apis/deployment/v1alpha1/zz_generated.deepcopy.go:70.15,72.3 1 0
github.com/cloudfoundry-incubator/service-fabrik-crds/pkg/apis/deployment/v1alpha1/zz_generated.deepcopy.go:79.57,80.34 1 0
github.com/cloudfoundry-incubator/service-fabrik-crds/pkg/apis/deployment/v1alpha1/zz_generated.deepcopy.go:83.2,83.12 1 0
github.com/cloudfoundry-incubator/service-fabrik-crds/pkg/apis/deployment/v1alpha1/zz_generated.deepcopy.go:80.34,82.3 1 0
github.com/cloudfoundry-incubator/service-fabrik-crds/pkg/apis/deployment/v1alpha1/zz_generated.deepcopy.go:87.57,90.2 2 0
github.com/cloudfoundry-incubator/service-fabrik-crds/pkg/apis/deployment/v1alpha1/zz_generated.deepcopy.go:93.50,94.15 1 0
github.com/cloudfoundry-incubator/service-fabrik-crds/pkg/apis/deployment/v1alpha1/zz_generated.deepcopy.go:97.2,99.12 3 0
github.com/cloudfoundry-incubator/service-fabrik-crds/pkg/apis/deployment/v1alpha1/zz_generated.deepcopy.go:94.15,96.3 1 0
github.com/cloudfoundry-incubator/service-fabrik-crds/pkg/apis/deployment/v1alpha1/zz_generated.deepcopy.go:103.61,106.2 2 0
github.com/cloudfoundry-incubator/service-fabrik-crds/pkg/apis/deployment/v1alpha1/zz_generated.deepcopy.go:109.54,110.15 1 0
github.com/cloudfoundry-incubator/service-fabrik-crds/pkg/apis/deployment/v1alpha1/zz_generated.deepcopy.go:113.2,115.12 3 0
github.com/cloudfoundry-incubator/service-fabrik-crds/pkg/apis/deployment/v1alpha1/zz_generated.deepcopy.go:110.15,112.3 1 0
github.com/cloudfoundry-incubator/service-fabrik-crds/pkg/apis/deployment/v1alpha1/zz_generated.deepcopy.go:119.45,126.2 6 1
github.com/cloudfoundry-incubator/service-fabrik-crds/pkg/apis/deployment/v1alpha1/zz_generated.deepcopy.go:129.38,130.15 1 1
github.com/cloudfoundry-incubator/service-fabrik-crds/pkg/apis/deployment/v1alpha1/zz_generated.deepcopy.go:133.2,135.12 3 1
github.com/cloudfoundry-incubator/service-fabrik-crds/pkg/apis/deployment/v1alpha1/zz_generated.deepcopy.go:130.15,132.3 1 0
github.com/cloudfoundry-incubator/service-fabrik-crds/pkg/apis/deployment/v1alpha1/zz_generated.deepcopy.go:139.51,140.34 1 0
github.com/cloudfoundry-incubator/service-fabrik-crds/pkg/apis/deployment/v1alpha1/zz_generated.deepcopy.go:143.2,143.12 1 0
github.com/cloudfoundry-incubator/service-fabrik-crds/pkg/apis/deployment/v1alpha1/zz_generated.deepcopy.go:140.34,142.3 1 0
github.com/cloudfoundry-incubator/service-fabrik-crds/pkg/apis/deployment/v1alpha1/zz_generated.deepcopy.go:147.53,151.21 4 0
github.com/cloudfoundry-incubator/service-fabrik-crds/pkg/apis/deployment/v1alpha1/zz_generated.deepcopy.go:158.2,158.8 1 0
github.com/cloudfoundry-incubator/service-fabrik-crds/pkg/apis/deployment/v1alpha1/zz_generated.deepcopy.go:151.21,154.22 3 0
github.com/cloudfoundry-incubator/service-fabrik-crds/pkg/apis/deployment/v1alpha1/zz_generated.deepcopy.go:154.22,156.4 1 0
github.com/cloudfoundry-incubator/service-fabrik-crds/pkg/apis/deployment/v1alpha1/zz_generated.deepcopy.go:162.46,163.15 1 0
github.com/cloudfoundry-incubator/service-fabrik-crds/pkg/apis/deployment/v1alpha1/zz_generated.deepcopy.go:166.2,168.12 3 0
github.com/cloudfoundry-incubator/service-fabrik-crds/pkg/apis/deployment/v1alpha1/zz_generated.deepcopy.go:163.15,165.3 1 0
github.com/cloudfoundry-incubator/service-fabrik-crds/pkg/apis/deployment/v1alpha1/zz_generated.deepcopy.go:172.55,173.34 1 0
github.com/cloudfoundry-incubator/service-fabrik-crds/pkg/apis/deployment/v1alpha1/zz_generated.deepcopy.go:176.2,176.12 1 0
github.com/cloudfoundry-incubator/service-fabrik-crds/pkg/apis/deployment/v1alpha1/zz_generated.deepcopy.go:173.34,175.3 1 0
github.com/cloudfoundry-incubator/service-fabrik-crds/pkg/apis/deployment/v1alpha1/zz_generated.deepcopy.go:180.53,183.2 2 0
github.com/cloudfoundry-incubator/service-fabrik-crds/pkg/apis/deployment/v1alpha1/zz_generated.deepcopy.go:186.46,187.15 1 0
github.com/cloudfoundry-incubator/service-fabrik-crds/pkg/apis/deployment/v1alpha1/zz_generated.deepcopy.go:190.2,192.12 3 0
github.com/cloudfoundry-incubator/service-fabrik-crds/pkg/apis/deployment/v1alpha1/zz_generated.deepcopy.go:187.15,189.3 1 0
github.com/cloudfoundry-incubator/service-fabrik-crds/pkg/apis/deployment/v1alpha1/zz_generated.deepcopy.go:196.57,199.2 2 0
github.com/cloudfoundry-incubator/service-fabrik-crds/pkg/apis/deployment/v1alpha1/zz_generated.deepcopy.go:202.50,203.15 1 0
github.com/cloudfoundry-incubator/service-fabrik-crds/pkg/apis/deployment/v1alpha1/zz_generated.deepcopy.go:206.2,208.12 3 0
github.com/cloudfoundry-incubator/service-fabrik-crds/pkg/apis/deployment/v1alpha1/zz_generated.deepcopy.go:203.15,205.3 1 0
github.com/cloudfoundry-incubator/service-fabrik-crds/pkg/apis/deployment/v1alpha1/zz_generated.deepcopy.go:212.55,219.2 6 1
github.com/cloudfoundry-incubator/service-fabrik-crds/pkg/apis/deployment/v1alpha1/zz_generated.deepcopy.go:222.48,223.15 1 1
github.com/cloudfoundry-incubator/service-fabrik-crds/pkg/apis/deployment/v1alpha1/zz_generated.deepcopy.go:226.2,228.12 3 1
github.com/cloudfoundry-incubator/service-fabrik-crds/pkg/apis/deployment/v1alpha1/zz_generated.deepcopy.go:223.15,225.3 1 0
github.com/cloudfoundry-incubator/service-fabrik-crds/pkg/apis/deployment/v1alpha1/zz_generated.deepcopy.go:232.56,233.34 1 0
github.com/cloudfoundry-incubator/service-fabrik-crds/pkg/apis/deployment/v1alpha1/zz_generated.deepcopy.go:236.2,236.12 1 0
github.com/cloudfoundry-incubator/service-fabrik-crds/pkg/apis/deployment/v1alpha1/zz_generated.deepcopy.go:233.34,235.3 1 0
github.com/cloudfoundry-incubator/service-fabrik-crds/pkg/apis/deployment/v1alpha1/zz_generated.deepcopy.go:240.63,244.21 4 0
github.com/cloudfoundry-incubator/service-fabrik-crds/pkg/apis/deployment/v1alpha1/zz_generated.deepcopy.go:251.2,251.8 1 0
github.com/cloudfoundry-incubator/service-fabrik-crds/pkg/apis/deployment/v1alpha1/zz_generated.deepcopy.go:244.21,247.22 3 0
github.com/cloudfoundry-incubator/service-fabrik-crds/pkg/apis/deployment/v1alpha1/zz_generated.deepcopy.go:247.22,249.4 1 0
github.com/cloudfoundry-incubator/service-fabrik-crds/pkg/apis/deployment/v1alpha1/zz_generated.deepcopy.go:255.56,256.15 1 0
github.com/cloudfoundry-incubator/service-fabrik-crds/pkg/apis/deployment/v1alpha1/zz_generated.deepcopy.go:259.2,261.12 3 0
github.com/cloudfoundry-incubator/service-fabrik-crds/pkg/apis/deployment/v1alpha1/zz_generated.deepcopy.go:256.15,258.3 1 0
github.com/cloudfoundry-incubator/service-fabrik-crds/pkg/apis/deployment/v1alpha1/zz_generated.deepcopy.go:265.60,266.34 1 0
github.com/cloudfoundry-incubator/service-fabrik-crds/pkg/apis/deployment/v1alpha1/zz_generated.deepcopy.go:269.2,269.12 1 0
github.com/cloudfoundry-incubator/service-fabrik-crds/pkg/apis/deployment/v1alpha1/zz_generated.deepcopy.go:266.34,268.3 1 0
github.com/cloudfoundry-incubator/service-fabrik-crds/pkg/apis/deployment/v1alpha1/zz_generated.deepcopy.go:273.63,276.2 2 0
github.com/cloudfoundry-incubator/service-fabrik-crds/pkg/apis/deployment/v1alpha1/zz_generated.deepcopy.go:279.56,280.15 1 0
github.com/cloudfoundry-incubator/service-fabrik-crds/pkg/apis/deployment/v1alpha1/zz_generated.deepcopy.go:283.2,285.12 3 0
github.com/cloudfoundry-incubator/service-fabrik-crds/pkg/apis/deployment/v1alpha1/zz_generated.deepcopy.go:280.15,282.3 1 0
github.com/cloudfoundry-incubator/service-fabrik-crds/pkg/apis/deployment/v1alpha1/zz_generated.deepcopy.go:289.67,292.2 2 0
github.com/cloudfoundry-incubator/service-fabrik-crds/pkg/apis/deployment/v1alpha1/zz_generated.deepcopy.go:295.60,296.15 1 0
github.com/cloudfoundry-incubator/service-fabrik-crds/pkg/apis/deployment/v1alpha1/zz_generated.deepcopy.go:299.2,301.12 3 0
github.com/cloudfoundry-incubator/service-fabrik-crds/pkg/apis/deployment/v1alpha1/zz_generated.deepcopy.go:296.15,298.3 1 0
github.com/cloudfoundry-incubator/service-fabrik-crds/pkg/apis/lock/v1alpha1/deploymentlock_types.go:61.13,63.2 1 1
github.com/cloudfoundry-incubator/service-fabrik-crds/pkg/apis/lock/v1alpha1/zz_generated.deepcopy.go:26.61,33.2 6 1
github.com/cloudfoundry-incubator/service-fabrik-crds/pkg/apis/lock/v1alpha1/zz_generated.deepcopy.go:36.54,37.15 1 1
github.com/cloudfoundry-incubator/service-fabrik-crds/pkg/apis/lock/v1alpha1/zz_generated.deepcopy.go:40.2,42.12 3 1
github.com/cloudfoundry-incubator/service-fabrik-crds/pkg/apis/lock/v1alpha1/zz_generated.deepcopy.go:37.15,39.3 1 0
github.com/cloudfoundry-incubator/service-fabrik-crds/pkg/apis/lock/v1alpha1/zz_generated.deepcopy.go:46.59,47.34 1 0
github.com/cloudfoundry-incubator/service-fabrik-crds/pkg/apis/lock/v1alpha1/zz_generated.deepcopy.go:50.2,50.12 1 0
github.com/cloudfoundry-incubator/service-fabrik-crds/pkg/apis/lock/v1alpha1/zz_generated.deepcopy.go:47.34,49.3 1 0
github.com/cloudfoundry-incubator/service-fabrik-crds/pkg/apis/lock/v1alpha1/zz_generated.deepcopy.go:54.69,58.21 4 0
github.com/cloudfoundry-incubator/service-fabrik-crds/pkg/apis/lock/v1alpha1/zz_generated.deepcopy.go:65.2,65.8 1 0
github.com/cloudfoundry-incubator/service-fabrik-crds/pkg/apis/lock/v1alpha1/zz_generated.deepcopy.go:58.21,61.22 3 0
github.com/cloudfoundry-incubator/service-fabrik-crds/pkg/apis/lock/v1alpha1/zz_generated.deepcopy.go:61.22,63.4 1 0
github.com/cloudfoundry-incubator/service-fabrik-crds/pkg/apis/lock/v1alpha1/zz_generated.deepcopy.go:69.62,70.15 1 0
github.com/cloudfoundry-incubator/service-fabrik-crds/pkg/apis/lock/v1alpha1/zz_generated.deepcopy.go:73.2,75.12 3 0
github.com/cloudfoundry-incubator/service-fabrik-crds/pkg/apis/lock/v1alpha1/zz_generated.deepcopy.go:70.15,72.3 1 0
github.com/cloudfoundry-incubator/service-fabrik-crds/pkg/apis/lock/v1alpha1/zz_generated.deepcopy.go:79.63,80.34 1 0
github.com/cloudfoundry-incubator/service-fabrik-crds/pkg/apis/lock/v1alpha1/zz_generated.deepcopy.go:83.2,83.12 1 0
github.com/cloudfoundry-incubator/service-fabrik-crds/pkg/apis/lock/v1alpha1/zz_generated.deepcopy.go:80.34,82.3 1 0
github.com/cloudfoundry-incubator/service-fabrik-crds/pkg/apis/lock/v1alpha1/zz_generated.deepcopy.go:87.69,90.2 2 0
github.com/cloudfoundry-incubator/service-fabrik-crds/pkg/apis/lock/v1alpha1/zz_generated.deepcopy.go:93.62,94.15 1 0
github.com/cloudfoundry-incubator/service-fabrik-crds/pkg/apis/lock/v1alpha1/zz_generated.deepcopy.go:97.2,99.12 3 0
github.com/cloudfoundry-incubator/service-fabrik-crds/pkg/apis/lock/v1alpha1/zz_generated.deepcopy.go:94.15,96.3 1 0
github.com/cloudfoundry-incubator/service-fabrik-crds/pkg/apis/lock/v1alpha1/zz_generated.deepcopy.go:103.73,106.2 2 0
github.com/cloudfoundry-incubator/service-fabrik-crds/pkg/apis/lock/v1alpha1/zz_generated.deepcopy.go:109.66,110.15 1 0
github.com/cloudfoundry-incubator/service-fabrik-crds/pkg/apis/lock/v1alpha1/zz_generated.deepcopy.go:113.2,115.12 3 0
github.com/cloudfoundry-incubator/service-fabrik-crds/pkg/apis/lock/v1alpha1/zz_generated.deepcopy.go:110.15,112.3 1 0
github.com/cloudfoundry-incubator/service-fabrik-crds/pkg/apis/backup/v1alpha1/zz_generated.deepcopy.go:26.59,33.2 6 1
github.com/cloudfoundry-incubator/service-fabrik-crds/pkg/apis/backup/v1alpha1/zz_generated.deepcopy.go:36.52,37.15 1 1
github.com/cloudfoundry-incubator/service-fabrik-crds/pkg/apis/backup/v1alpha1/zz_generated.deepcopy.go:40.2,42.12 3 1
github.com/cloudfoundry-incubator/service-fabrik-crds/pkg/apis/backup/v1alpha1/zz_generated.deepcopy.go:37.15,39.3 1 0
github.com/cloudfoundry-incubator/service-fabrik-crds/pkg/apis/backup/v1alpha1/zz_generated.deepcopy.go:46.58,47.34 1 0
github.com/cloudfoundry-incubator/service-fabrik-crds/pkg/apis/backup/v1alpha1/zz_generated.deepcopy.go:50.2,50.12 1 0
github.com/cloudfoundry-incubator/service-fabrik-crds/pkg/apis/backup/v1alpha1/zz_generated.deepcopy.go:47.34,49.3 1 0
github.com/cloudfoundry-incubator/service-fabrik-crds/pkg/apis/backup/v1alpha1/zz_generated.deepcopy.go:54.67,58.21 4 0
github.com/cloudfoundry-incubator/service-fabrik-crds/pkg/apis/backup/v1alpha1/zz_generated.deepcopy.go:65.2,65.8 1 0
github.com/cloudfoundry-incubator/service-fabrik-crds/pkg/apis/backup/v1alpha1/zz_generated.deepcopy.go:58.21,61.22 3 0
github.com/cloudfoundry-incubator/service-fabrik-crds/pkg/apis/backup/v1alpha1/zz_generated.deepcopy.go:61.22,63.4 1 0
github.com/cloudfoundry-incubator/service-fabrik-crds/pkg/apis/backup/v1alpha1/zz_generated.deepcopy.go:69.60,70.15 1 0
github.com/cloudfoundry-incubator/service-fabrik-crds/pkg/apis/backup/v1alpha1/zz_generated.deepcopy.go:73.2,75.12 3 0
github.com/cloudfoundry-incubator/service-fabrik-crds/pkg/apis/backup/v1alpha1/zz_generated.deepcopy.go:70.15,72.3 1 0
github.com/cloudfoundry-incubator/service-fabrik-crds/pkg/apis/backup/v1alpha1/zz_generated.deepcopy.go:79.62,80.34 1 0
github.com/cloudfoundry-incubator/service-fabrik-crds/pkg/apis/backup/v1alpha1/zz_generated.deepcopy.go:83.2,83.12 1 0
github.com/cloudfoundry-incubator/service-fabrik-crds/pkg/apis/backup/v1alpha1/zz_generated.deepcopy.go:80.34,82.3 1 0
github.com/cloudfoundry-incubator/service-fabrik-crds/pkg/apis/backup/v1alpha1/zz_generated.deepcopy.go:87.67,90.2 2 0
github.com/cloudfoundry-incubator/service-fabrik-crds/pkg/apis/backup/v1alpha1/zz_generated.deepcopy.go:93.60,94.15 1 0
github.com/cloudfoundry-incubator/service-fabrik-crds/pkg/apis/backup/v1alpha1/zz_generated.deepcopy.go:97.2,99.12 3 0
github.com/cloudfoundry-incubator/service-fabrik-crds/pkg/apis/backup/v1alpha1/zz_generated.deepcopy.go:94.15,96.3 1 0
github.com/cloudfoundry-incubator/service-fabrik-crds/pkg/apis/backup/v1alpha1/zz_generated.deepcopy.go:103.71,106.2 2 0
github.com/cloudfoundry-incubator/service-fabrik-crds/pkg/apis/backup/v1alpha1/zz_generated.deepcopy.go:109.64,110.15 1 0
github.com/cloudfoundry-incubator/service-fabrik-crds/pkg/apis/backup/v1alpha1/zz_generated.deepcopy.go:113.2,115.12 3 0
github.com/cloudfoundry-incubator/service-fabrik-crds/pkg/apis/backup/v1alpha1/zz_generated.deepcopy.go:110.15,112.3 1 0
github.com/cloudfoundry-incubator/service-fabrik-crds/pkg/apis/backup/v1alpha1/zz_generated.deepcopy.go:119.61,126.2 6 1
github.com/cloudfoundry-incubator/service-fabrik-crds/pkg/apis/backup/v1alpha1/zz_generated.deepcopy.go:129.54,130.15 1 1
github.com/cloudfoundry-incubator/service-fabrik-crds/pkg/apis/backup/v1alpha1/zz_generated.deepcopy.go:133.2,135.12 3 1
github.com/cloudfoundry-incubator/service-fabrik-crds/pkg/apis/backup/v1alpha1/zz_generated.deepcopy.go:130.15,132.3 1 0
github.com/cloudfoundry-incubator/service-fabrik-crds/pkg/apis/backup/v1alpha1/zz_generated.deepcopy.go:139.59,140.34 1 0
github.com/cloudfoundry-incubator/service-fabrik-crds/pkg/apis/backup/v1alpha1/zz_generated.deepcopy.go:143.2,143.12 1 0
github.com/cloudfoundry-incubator/service-fabrik-crds/pkg/apis/backup/v1alpha1/zz_generated.deepcopy.go:140.34,142.3 1 0
github.com/cloudfoundry-incubator/service-fabrik-crds/pkg/apis/backup/v1alpha1/zz_generated.deepcopy.go:147.69,151.21 4 0
github.com/cloudfoundry-incubator/service-fabrik-crds/pkg/apis/backup/v1alpha1/zz_generated.deepcopy.go:158.2,158.8 1 0
github.com/cloudfoundry-incubator/service-fabrik-crds/pkg/apis/backup/v1alpha1/zz_generated.deepcopy.go:151.21,154.22 3 0
github.com/cloudfoundry-incubator/service-fabrik-crds/pkg/apis/backup/v1alpha1/zz_generated.deepcopy.go:154.22,156.4 1 0
github.com/cloudfoundry-incubator/service-fabrik-crds/pkg/apis/backup/v1alpha1/zz_generated.deepcopy.go:162.62,163.15 1 0
github.com/cloudfoundry-incubator/service-fabrik-crds/pkg/apis/backup/v1alpha1/zz_generated.deepcopy.go:166.2,168.12 3 0
github.com/cloudfoundry-incubator/service-fabrik-crds/pkg/apis/backup/v1alpha1/zz_generated.deepcopy.go:163.15,165.3 1 0
github.com/cloudfoundry-incubator/service-fabrik-crds/pkg/apis/backup/v1alpha1/zz_generated.deepcopy.go:172.63,173.34 1 0
github.com/cloudfoundry-incubator/service-fabrik-crds/pkg/apis/backup/v1alpha1/zz_generated.deepcopy.go:176.2,176.12 1 0
github.com/cloudfoundry-incubator/service-fabrik-crds/pkg/apis/backup/v1alpha1/zz_generated.deepcopy.go:173.34,175.3 1 0
github.com/cloudfoundry-incubator/service-fabrik-crds/pkg/apis/backup/v1alpha1/zz_generated.deepcopy.go:180.69,183.2 2 0
github.com/cloudfoundry-incubator/service-fabrik-crds/pkg/apis/backup/v1alpha1/zz_generated.deepcopy.go:186.62,187.15 1 0
github.com/cloudfoundry-incubator/service-fabrik-crds/pkg/apis/backup/v1alpha1/zz_generated.deepcopy.go:190.2,192.12 3 0
github.com/cloudfoundry-incubator/service-fabrik-crds/pkg/apis/backup/v1alpha1/zz_generated.deepcopy.go:187.15,189.3 1 0
github.com/cloudfoundry-incubator/service-fabrik-crds/pkg/apis/backup/v1alpha1/zz_generated.deepcopy.go:196.73,199.2 2 0
github.com/cloudfoundry-incubator/service-fabrik-crds/pkg/apis/backup/v1alpha1/zz_generated.deepcopy.go:202.66,203.15 1 0
github.com/cloudfoundry-incubator/service-fabrik-crds/pkg/apis/backup/v1alpha1/zz_generated.deepcopy.go:206.2,208.12 3 0
github.com/cloudfoundry-incubator/service-fabrik-crds/pkg/apis/backup/v1alpha1/zz_generated.deepcopy.go:203.15,205.3 1 0
github.com/cloudfoundry-incubator/service-fabrik-crds/pkg/apis/backup/v1alpha1/defaultbackup_types.go:64.13,66.2 1 1
github.com/cloudfoundry-incubator/service-fabrik-crds/pkg/apis/backup/v1alpha1/defaultrestore_types.go:64.13,66.2 1 1
github.com/cloudfoundry-incubator/service-fabrik-crds/pkg/apis/bind/v1alpha1/virtualhostbind_types.go:63.13,65.2 1 1
github.com/cloudfoundry-incubator/service-fabrik-crds/pkg/apis/bind/v1alpha1/zz_generated.deepcopy.go:26.57,33.2 6 1
github.com/cloudfoundry-incubator/service-fabrik-crds/pkg/apis/bind/v1alpha1/zz_generated.deepcopy.go:36.50,37.15 1 1
github.com/cloudfoundry-incubator/service-fabrik-crds/pkg/apis/bind/v1alpha1/zz_generated.deepcopy.go:40.2,42.12 3 1
github.com/cloudfoundry-incubator/service-fabrik-crds/pkg/apis/bind/v1alpha1/zz_generated.deepcopy.go:37.15,39.3 1 0
github.com/cloudfoundry-incubator/service-fabrik-crds/pkg/apis/bind/v1alpha1/zz_generated.deepcopy.go:46.57,47.34 1 0
github.com/cloudfoundry-incubator/service-fabrik-crds/pkg/apis/bind/v1alpha1/zz_generated.deepcopy.go:50.2,50.12 1 0
github.com/cloudfoundry-incubator/service-fabrik-crds/pkg/apis/bind/v1alpha1/zz_generated.deepcopy.go:47.34,49.3 1 0
github.com/cloudfoundry-incubator/service-fabrik-crds/pkg/apis/bind/v1alpha1/zz_generated.deepcopy.go:54.65,58.21 4 0
github.com/cloudfoundry-incubator/service-fabrik-crds/pkg/apis/bind/v1alpha1/zz_generated.deepcopy.go:65.2,65.8 1 0
github.com/cloudfoundry-incubator/service-fabrik-crds/pkg/apis/bind/v1alpha1/zz_generated.deepcopy.go:58.21,61.22 3 0
github.com/cloudfoundry-incubator/service-fabrik-crds/pkg/apis/bind/v1alpha1/zz_generated.deepcopy.go:61.22,63.4 1 0
github.com/cloudfoundry-incubator/service-fabrik-crds/pkg/apis/bind/v1alpha1/zz_generated.deepcopy.go:69.58,70.15 1 0
github.com/cloudfoundry-incubator/service-fabrik-crds/pkg/apis/bind/v1alpha1/zz_generated.deepcopy.go:73.2,75.12 3 0
github.com/cloudfoundry-incubator/service-fabrik-crds/pkg/apis/bind/v1alpha1/zz_generated.deepcopy.go:70.15,72.3 1 0
github.com/cloudfoundry-incubator/service-fabrik-crds/pkg/apis/bind/v1alpha1/zz_generated.deepcopy.go:79.61,80.34 1 0
github.com/cloudfoundry-incubator/service-fabrik-crds/pkg/apis/bind/v1alpha1/zz_generated.deepcopy.go:83.2,83.12 1 0
github.com/cloudfoundry-incubator/service-fabrik-crds/pkg/apis/bind/v1alpha1/zz_generated.deepcopy.go:80.34,82.3 1 0
github.com/cloudfoundry-incubator/service-fabrik-crds/pkg/apis/bind/v1alpha1/zz_generated.deepcopy.go:87.65,90.2 2 0
github.com/cloudfoundry-incubator/service-fabrik-crds/pkg/apis/bind/v1alpha1/zz_generated.deepcopy.go:93.58,94.15 1 0
github.com/cloudfoundry-incubator/service-fabrik-crds/pkg/apis/bind/v1alpha1/zz_generated.deepcopy.go:97.2,99.12 3 0
github.com/cloudfoundry-incubator/service-fabrik-crds/pkg/apis/bind/v1alpha1/zz_generated.deepcopy.go:94.15,96.3 1 0
github.com/cloudfoundry-incubator/service-fabrik-crds/pkg/apis/bind/v1alpha1/zz_generated.deepcopy.go:103.69,106.2 2 0
github.com/cloudfoundry-incubator/service-fabrik-crds/pkg/apis/bind/v1alpha1/zz_generated.deepcopy.go:109.62,110.15 1 0
github.com/cloudfoundry-incubator/service-fabrik-crds/pkg/apis/bind/v1alpha1/zz_generated.deepcopy.go:113.2,115.12 3 0
github.com/cloudfoundry-incubator/service-fabrik-crds/pkg/apis/bind/v1alpha1/zz_generated.deepcopy.go:110.15,112.3 1 0
github.com/cloudfoundry-incubator/service-fabrik-crds/pkg/apis/bind/v1alpha1/zz_generated.deepcopy.go:119.53,126.2 6 1
github.com/cloudfoundry-incubator/service-fabrik-crds/pkg/apis/bind/v1alpha1/zz_generated.deepcopy.go:129.46,130.15 1 1
github.com/cloudfoundry-incubator/service-fabrik-crds/pkg/apis/bind/v1alpha1/zz_generated.deepcopy.go:133.2,135.12 3 1
github.com/cloudfoundry-incubator/service-fabrik-crds/pkg/apis/bind/v1alpha1/zz_generated.deepcopy.go:130.15,132.3 1 0
github.com/cloudfoundry-incubator/service-fabrik-crds/pkg/apis/bind/v1alpha1/zz_generated.deepcopy.go:139.55,140.34 1 0
github.com/cloudfoundry-incubator/service-fabrik-crds/pkg/apis/bind/v1alpha1/zz_generated.deepcopy.go:143.2,143.12 1 0
github.com/cloudfoundry-incubator/service-fabrik-crds/pkg/apis/bind/v1alpha1/zz_generated.deepcopy.go:140.34,142.3 1 0
github.com/cloudfoundry-incubator/service-fabrik-crds/pkg/apis/bind/v1alpha1/zz_generated.deepcopy.go:147.61,151.21 4 0
github.com/cloudfoundry-incubator/service-fabrik-crds/pkg/apis/bind/v1alpha1/zz_generated.deepcopy.go:158.2,158.8 1 0
github.com/cloudfoundry-incubator/service-fabrik-crds/pkg/apis/bind/v1alpha1/zz_generated.deepcopy.go:151.21,154.22 3 0
github.com/cloudfoundry-incubator/service-fabrik-crds/pkg/apis/bind/v1alpha1/zz_generated.deepcopy.go:154.22,156.4 1 0
github.com/cloudfoundry-incubator/service-fabrik-crds/pkg/apis/bind/v1alpha1/zz_generated.deepcopy.go:162.54,163.15 1 0
github.com/cloudfoundry-incubator/service-fabrik-crds/pkg/apis/bind/v1alpha1/zz_generated.deepcopy.go:166.2,168.12 3 0
github.com/cloudfoundry-incubator/service-fabrik-crds/pkg/apis/bind/v1alpha1/zz_generated.deepcopy.go:163.15,165.3 1 0
github.com/cloudfoundry-incubator/service-fabrik-crds/pkg/apis/bind/v1alpha1/zz_generated.deepcopy.go:172.59,173.34 1 0
github.com/cloudfoundry-incubator/service-fabrik-crds/pkg/apis/bind/v1alpha1/zz_generated.deepcopy.go:176.2,176.12 1 0
github.com/cloudfoundry-incubator/service-fabrik-crds/pkg/apis/bind/v1alpha1/zz_generated.deepcopy.go:173.34,175.3 1 0
github.com/cloudfoundry-incubator/service-fabrik-crds/pkg/apis/bind/v1alpha1/zz_generated.deepcopy.go:180.61,183.2 2 0
github.com/cloudfoundry-incubator/service-fabrik-crds/pkg/apis/bind/v1alpha1/zz_generated.deepcopy.go:186.54,187.15 1 0
github.com/cloudfoundry-incubator/service-fabrik-crds/pkg/apis/bind/v1alpha1/zz_generated.deepcopy.go:190.2,192.12 3 0
github.com/cloudfoundry-incubator/service-fabrik-crds/pkg/apis/bind/v1alpha1/zz_generated.deepcopy.go:187.15,189.3 1 0
github.com/cloudfoundry-incubator/service-fabrik-crds/pkg/apis/bind/v1alpha1/zz_generated.deepcopy.go:196.65,199.2 2 0
github.com/cloudfoundry-incubator/service-fabrik-crds/pkg/apis/bind/v1alpha1/zz_generated.deepcopy.go:202.58,203.15 1 0
github.com/cloudfoundry-incubator/service-fabrik-crds/pkg/apis/bind/v1alpha1/zz_generated.deepcopy.go:206.2,208.12 3 0
github.com/cloudfoundry-incubator/service-fabrik-crds/pkg/apis/bind/v1alpha1/zz_generated.deepcopy.go:203.15,205.3 1 0
github.com/cloudfoundry-incubator/service-fabrik-crds/pkg/apis/bind/v1alpha1/zz_generated.deepcopy.go:212.63,219.2 6 1
github.com/cloudfoundry-incubator/service-fabrik-crds/pkg/apis/bind/v1alpha1/zz_generated.deepcopy.go:222.56,223.15 1 1
github.com/cloudfoundry-incubator/service-fabrik-crds/pkg/apis/bind/v1alpha1/zz_generated.deepcopy.go:226.2,228.12 3 1
github.com/cloudfoundry-incubator/service-fabrik-crds/pkg/apis/bind/v1alpha1/zz_generated.deepcopy.go:223.15,225.3 1 0
github.com/cloudfoundry-incubator/service-fabrik-crds/pkg/apis/bind/v1alpha1/zz_generated.deepcopy.go:232.60,233.34 1 0
github.com/cloudfoundry-incubator/service-fabrik-crds/pkg/apis/bind/v1alpha1/zz_generated.deepcopy.go:236.2,236.12 1 0
github.com/cloudfoundry-incubator/service-fabrik-crds/pkg/apis/bind/v1alpha1/zz_generated.deepcopy.go:233.34,235.3 1 0
github.com/cloudfoundry-incubator/service-fabrik-crds/pkg/apis/bind/v1alpha1/zz_generated.deepcopy.go:240.71,244.21 4 0
github.com/cloudfoundry-incubator/service-fabrik-crds/pkg/apis/bind/v1alpha1/zz_generated.deepcopy.go:251.2,251.8 1 0
github.com/cloudfoundry-incubator/service-fabrik-crds/pkg/apis/bind/v1alpha1/zz_generated.deepcopy.go:244.21,247.22 3 0
github.com/cloudfoundry-incubator/service-fabrik-crds/pkg/apis/bind/v1alpha1/zz_generated.deepcopy.go:247.22,249.4 1 0
github.com/cloudfoundry-incubator/service-fabrik-crds/pkg/apis/bind/v1alpha1/zz_generated.deepcopy.go:255.64,256.15 1 0
github.com/cloudfoundry-incubator/service-fabrik-crds/pkg/apis/bind/v1alpha1/zz_generated.deepcopy.go:259.2,261.12 3 0
github.com/cloudfoundry-incubator/service-fabrik-crds/pkg/apis/bind/v1alpha1/zz_generated.deepcopy.go:256.15,258.3 1 0
github.com/cloudfoundry-incubator/service-fabrik-crds/pkg/apis/bind/v1alpha1/zz_generated.deepcopy.go:265.64,266.34 1 0
github.com/cloudfoundry-incubator/service-fabrik-crds/pkg/apis/bind/v1alpha1/zz_generated.deepcopy.go:269.2,269.12 1 0
github.com/cloudfoundry-incubator/service-fabrik-crds/pkg/apis/bind/v1alpha1/zz_generated.deepcopy.go:266.34,268.3 1 0
github.com/cloudfoundry-incubator/service-fabrik-crds/pkg/apis/bind/v1alpha1/zz_generated.deepcopy.go:273.71,276.2 2 0
github.com/cloudfoundry-incubator/service-fabrik-crds/pkg/apis/bind/v1alpha1/zz_generated.deepcopy.go:279.64,280.15 1 0
github.com/cloudfoundry-incubator/service-fabrik-crds/pkg/apis/bind/v1alpha1/zz_generated.deepcopy.go:283.2,285.12 3 0
github.com/cloudfoundry-incubator/service-fabrik-crds/pkg/apis/bind/v1alpha1/zz_generated.deepcopy.go:280.15,282.3 1 0
github.com/cloudfoundry-incubator/service-fabrik-crds/pkg/apis/bind/v1alpha1/zz_generated.deepcopy.go:289.75,292.2 2 0
github.com/cloudfoundry-incubator/service-fabrik-crds/pkg/apis/bind/v1alpha1/zz_generated.deepcopy.go:295.68,296.15 1 0
github.com/cloudfoundry-incubator/service-fabrik-crds/pkg/apis/bind/v1alpha1/zz_generated.deepcopy.go:299.2,301.12 3 0
github.com/cloudfoundry-incubator/service-fabrik-crds/pkg/apis/bind/v1alpha1/zz_generated.deepcopy.go:296.15,298.3 1 0
github.com/cloudfoundry-incubator/service-fabrik-crds/pkg/apis/bind/v1alpha1/directorbind_types.go:63.13,65.2 1 1
github.com/cloudfoundry-incubator/service-fabrik-crds/pkg/apis/bind/v1alpha1/dockerbind_types.go:63.13,65.2 1 1
